Loading rhel8/default-ccl
  Loading requirement: ucx/1.15.0 rhel8/global rhel8/slurm
    rhel8/cclake-env/2024-06-01 rhel8/cclake/base glibc/2.28/gcc/4d2cj5pu
    gcc-runtime/13.3.0/gcc/2sn7kkm3 zlib-ng/2.1.6/gcc/mkjcey6m
    zstd/1.5.6/gcc/l5c7mfsx binutils/2.42/gcc/y33xj6rq
    intel-oneapi-compilers/2023.2.4/gcc/4lbvg4hv
    intel-oneapi-mpi/2021.12.1/intel/hlruk24n rhel8/cclake/intel
perl: warning: Setting locale failed.
perl: warning: Please check that your locale settings:
	LANGUAGE = (unset),
	LC_ALL = (unset),
	LC_CTYPE = "UTF-8",
	LANG = "en_US.UTF-8"
    are supported and installed on your system.
perl: warning: Falling back to a fallback locale ("en_US.UTF-8").
2026-02-16 16:20:52.588 | INFO     | __main__:main:39 - Painting Abacus tSZ map...
2026-02-16 16:20:52.588 | INFO     | __main__:main:40 - Halo directory: /home/ab2927/rds/hpc-work/backlight_cp999/lightcone_halos/z0.542/lightcone_halo_info_000.asdf
2026-02-16 16:20:52.588 | INFO     | __main__:main:41 - Healcounts file 1: /home/ab2927/rds/hpc-work/backlight_cp999/lightcone_healpix/halo/heal-counts/LightCone0_halo_heal-counts_Step0671-0676.asdf
2026-02-16 16:20:52.588 | INFO     | __main__:main:42 - Healcounts file 2: /home/ab2927/rds/hpc-work/backlight_cp999/lightcone_healpix/halo/heal-counts/LightCone0_halo_heal-counts_Step0677-0682.asdf
2026-02-16 16:20:52.588 | INFO     | __main__:main:43 - Healcounts file 3: /home/ab2927/rds/hpc-work/backlight_cp999/lightcone_healpix/halo/heal-counts/LightCone0_halo_heal-counts_Step0665-0670.asdf
2026-02-16 16:20:52.588 | INFO     | __main__:main:44 - Output file: y_map_abacus.fits
Traceback (most recent call last):
  File "<frozen runpy>", line 198, in _run_module_as_main
  File "<frozen runpy>", line 88, in _run_code
  File "/home/ab2927/rds/tSZPaint.py/tszpaint/paint/main.py", line 59, in <module>
    main()
    ~~~~^^
  File "/home/ab2927/rds/tSZPaint.py/tszpaint/paint/main.py", line 46, in main
    paint_abacus(
    ~~~~~~~~~~~~^
        config,
        ^^^^^^^
    ...<6 lines>...
        use_weights=USE_WEIGHTS,
        ^^^^^^^^^^^^^^^^^^^^^^^^
    )
    ^
  File "/home/ab2927/rds/tSZPaint.py/tszpaint/paint/paint.py", line 135, in paint_abacus
    data = load_abacus_for_painting(
        halo_dir=halo_dir,
    ...<3 lines>...
        nside=config.nside,
    )
  File "/home/ab2927/rds/tSZPaint.py/tszpaint/paint/abacus_loader.py", line 78, in load_abacus_for_painting
    pos, num_particles, particle_mass, redshift, radius = load_abacus_halos(halo_dir)
                                                          ~~~~~~~~~~~~~~~~~^^^^^^^^^^
  File "/home/ab2927/rds/tSZPaint.py/tszpaint/paint/abacus_loader.py", line 31, in load_abacus_halos
    comoving_distance = np.asarray(d["Interpolated_L2com"])
                                   ~^^^^^^^^^^^^^^^^^^^^^^
KeyError: 'Interpolated_L2com'
