Loading rhel8/default-ccl
  Loading requirement: ucx/1.15.0 rhel8/global rhel8/slurm
    rhel8/cclake-env/2024-06-01 rhel8/cclake/base glibc/2.28/gcc/4d2cj5pu
    gcc-runtime/13.3.0/gcc/2sn7kkm3 zlib-ng/2.1.6/gcc/mkjcey6m
    zstd/1.5.6/gcc/l5c7mfsx binutils/2.42/gcc/y33xj6rq
    intel-oneapi-compilers/2023.2.4/gcc/4lbvg4hv
    intel-oneapi-mpi/2021.12.1/intel/hlruk24n rhel8/cclake/intel
2026-02-16 19:34:27.230 | INFO     | __main__:main:39 - Painting Abacus tSZ map...
2026-02-16 19:34:27.230 | INFO     | __main__:main:40 - Halo directory: /home/ab2927/rds/hpc-work/backlight_cp999/lightcone_halos/z0.542/lightcone_halo_info_000.asdf
2026-02-16 19:34:27.230 | INFO     | __main__:main:41 - Healcounts file 1: /home/ab2927/rds/hpc-work/backlight_cp999/lightcone_healpix/halo/heal-counts/LightCone0_halo_heal-counts_Step0671-0676.asdf
2026-02-16 19:34:27.230 | INFO     | __main__:main:44 - Output file: y_map_abacus.fits
2026-02-16 19:34:34.559 | DEBUG    | tszpaint.y_profile.interpolator:from_matrices:45 - Log thetas array contains 512 elements, smallest: -25.4, largest: 11.5
2026-02-16 19:34:34.559 | DEBUG    | tszpaint.y_profile.interpolator:from_matrices:48 - Redshifts array contains 256 elements, smallest: 0.001, largest: 5.0
2026-02-16 19:34:34.559 | DEBUG    | tszpaint.y_profile.interpolator:from_matrices:51 - Log masses array contains 256 elements, smallest: 11.0, largest: 15.7
2026-02-16 19:34:34.591 | DEBUG    | tszpaint.y_profile.interpolator:from_matrices:54 - Largest value in prof-y: 0.020307759665103186, smallest: 5.698375820087387e-84
2026-02-16 19:34:34.709 | INFO     | tszpaint.paint.paint:paint_y:46 - Starting vectorized paint: 716958 halos, nside=2048
2026-02-16 19:34:34.709 | INFO     | tszpaint.paint.paint:paint_y:47 -   particle_counts: 3221.2MB, dtype=uint32
2026-02-16 19:34:34.752 | INFO     | tszpaint.paint.paint:paint_y:53 - theta_200 stats: min=1.420e+00, median=1.489e+00, max=1.501e+00
Traceback (most recent call last):
  File "<frozen runpy>", line 198, in _run_module_as_main
  File "<frozen runpy>", line 88, in _run_code
  File "/home/ab2927/rds/tSZPaint.py/tszpaint/paint/main.py", line 57, in <module>
    main()
    ~~~~^^
  File "/home/ab2927/rds/tSZPaint.py/tszpaint/paint/main.py", line 46, in main
    paint_abacus(
    ~~~~~~~~~~~~^
        config,
        ^^^^^^^
    ...<4 lines>...
        use_weights=USE_WEIGHTS,
        ^^^^^^^^^^^^^^^^^^^^^^^^
    )
    ^
  File "/home/ab2927/rds/tSZPaint.py/tszpaint/paint/paint.py", line 147, in paint_abacus
    paint_and_visualize(config, data, output_file, interpolator_path, use_weights)
    ~~~~~~~~~~~~~~~~~~~^^^^^^^^^^^^^^^^^^^^^^^^^^^^^^^^^^^^^^^^^^^^^^^^^^^^^^^^^^^
  File "/home/ab2927/rds/tSZPaint.py/tszpaint/paint/paint.py", line 158, in paint_and_visualize
    y_map, y_per_halo = paint_y_wrapper(
                        ~~~~~~~~~~~~~~~^
        config,
        ^^^^^^^
    ...<2 lines>...
        use_weights=use_weights,
        ^^^^^^^^^^^^^^^^^^^^^^^^
    )
    ^
  File "/home/ab2927/rds/tSZPaint.py/tszpaint/paint/paint.py", line 109, in paint_y_wrapper
    return paint_y(
        config,
    ...<8 lines>...
        use_weights,
    )
  File "/home/ab2927/rds/tSZPaint.py/tszpaint/logging.py", line 43, in trace_calls
    result = wrapped(*args, **kwargs)  # pyright: ignore[reportAny]
  File "/home/ab2927/rds/tSZPaint.py/tszpaint/paint/paint.py", line 54, in paint_y
    logger.info(f"pixel-halo pairs: {len(pix_in_halos):,}")
                                         ^^^^^^^^^^^^
UnboundLocalError: cannot access local variable 'pix_in_halos' where it is not associated with a value
Command exited with non-zero status 1
	Command being timed: "/home/ab2927/.local/bin/uv run -m tszpaint.paint.main"
	User time (seconds): 8.95
	System time (seconds): 2.00
	Percent of CPU this job got: 48%
	Elapsed (wall clock) time (h:mm:ss or m:ss): 0:22.54
	Average shared text size (kbytes): 0
	Average unshared data size (kbytes): 0
	Average stack size (kbytes): 0
	Average total size (kbytes): 0
	Maximum resident set size (kbytes): 6695364
	Average resident set size (kbytes): 0
	Major (requiring I/O) page faults: 2915
	Minor (reclaiming a frame) page faults: 77669
	Voluntary context switches: 20697
	Involuntary context switches: 136
	Swaps: 0
	File system inputs: 3047064
	File system outputs: 0
	Socket messages sent: 0
	Socket messages received: 0
	Signals delivered: 0
	Page size (bytes): 4096
	Exit status: 1
srun: error: cpu-q-527: task 0: Exited with exit code 1
