Loading rhel8/default-ccl
  Loading requirement: ucx/1.15.0 rhel8/global rhel8/slurm
    rhel8/cclake-env/2024-06-01 rhel8/cclake/base glibc/2.28/gcc/4d2cj5pu
    gcc-runtime/13.3.0/gcc/2sn7kkm3 zlib-ng/2.1.6/gcc/mkjcey6m
    zstd/1.5.6/gcc/l5c7mfsx binutils/2.42/gcc/y33xj6rq
    intel-oneapi-compilers/2023.2.4/gcc/4lbvg4hv
    intel-oneapi-mpi/2021.12.1/intel/hlruk24n rhel8/cclake/intel
2026-02-17 11:39:30.441 | INFO     | __main__:main:39 - Painting Abacus tSZ map...
2026-02-17 11:39:30.441 | INFO     | __main__:main:40 - Halo directory: /home/ab2927/rds/hpc-work/backlight_cp999/lightcone_halos/z0.542/lightcone_halo_info_000.asdf
2026-02-17 11:39:30.441 | INFO     | __main__:main:41 - Healcounts file 1: /home/ab2927/rds/hpc-work/backlight_cp999/lightcone_healpix/halo/heal-counts/LightCone0_halo_heal-counts_Step0671-0676.asdf
2026-02-17 11:39:30.442 | INFO     | __main__:main:44 - Output file: y_map_abacus.fits
2026-02-17 11:39:39.092 | DEBUG    | tszpaint.y_profile.interpolator:from_matrices:45 - Log thetas array contains 512 elements, smallest: -25.4, largest: 11.5
2026-02-17 11:39:39.092 | DEBUG    | tszpaint.y_profile.interpolator:from_matrices:48 - Redshifts array contains 256 elements, smallest: 0.001, largest: 5.0
2026-02-17 11:39:39.092 | DEBUG    | tszpaint.y_profile.interpolator:from_matrices:51 - Log masses array contains 256 elements, smallest: 11.0, largest: 15.7
2026-02-17 11:39:39.124 | DEBUG    | tszpaint.y_profile.interpolator:from_matrices:54 - Largest value in prof-y: 0.020307759665103186, smallest: 5.698375820087387e-84
2026-02-17 11:39:39.295 | INFO     | tszpaint.paint.paint:paint_y:47 - Starting vectorized paint: 716958 halos, nside=8192
2026-02-17 11:39:39.295 | INFO     | tszpaint.paint.paint:paint_y:48 -   particle_counts: 3221.2MB, dtype=uint32
2026-02-17 11:40:30.900 | DEBUG    | tszpaint.logging:timer:60 - Preparing cKDTree input took 51.604958s
2026-02-17 11:45:23.912 | DEBUG    | tszpaint.logging:timer:60 - Calling CKDTree constructor took 293.011825s
2026-02-17 11:45:23.934 | DEBUG    | tszpaint.logging:time_calls:32 - build_tree took 344.639298s
srun: Job step aborted: Waiting up to 122 seconds for job step to finish.
slurmstepd: error: *** JOB 22881960 ON cpu-q-23 CANCELLED AT 2026-02-17T11:58:54 ***
slurmstepd: error: *** STEP 22881960.0 ON cpu-q-23 CANCELLED AT 2026-02-17T11:58:54 ***
