Loading rhel8/default-ccl
  Loading requirement: ucx/1.15.0 rhel8/global rhel8/slurm
    rhel8/cclake-env/2024-06-01 rhel8/cclake/base glibc/2.28/gcc/4d2cj5pu
    gcc-runtime/13.3.0/gcc/2sn7kkm3 zlib-ng/2.1.6/gcc/mkjcey6m
    zstd/1.5.6/gcc/l5c7mfsx binutils/2.42/gcc/y33xj6rq
    intel-oneapi-compilers/2023.2.4/gcc/4lbvg4hv
    intel-oneapi-mpi/2021.12.1/intel/hlruk24n rhel8/cclake/intel
2026-02-17 15:01:47.422 | INFO     | __main__:main:39 - Painting Abacus tSZ map...
2026-02-17 15:01:47.422 | INFO     | __main__:main:40 - Halo directory: /home/ab2927/rds/hpc-work/backlight_cp999/lightcone_halos/z0.542/lightcone_halo_info_000.asdf
2026-02-17 15:01:47.422 | INFO     | __main__:main:41 - Healcounts file 1: /home/ab2927/rds/hpc-work/backlight_cp999/lightcone_healpix/halo/heal-counts/LightCone0_halo_heal-counts_Step0671-0676.asdf
2026-02-17 15:01:47.422 | INFO     | __main__:main:44 - Output file: y_map_abacus.fits
2026-02-17 15:02:05.101 | DEBUG    | tszpaint.y_profile.interpolator:from_matrices:45 - Log thetas array contains 512 elements, smallest: -25.4, largest: 11.5
2026-02-17 15:02:05.102 | DEBUG    | tszpaint.y_profile.interpolator:from_matrices:48 - Redshifts array contains 256 elements, smallest: 0.001, largest: 5.0
2026-02-17 15:02:05.102 | DEBUG    | tszpaint.y_profile.interpolator:from_matrices:51 - Log masses array contains 256 elements, smallest: 11.0, largest: 15.7
2026-02-17 15:02:05.135 | DEBUG    | tszpaint.y_profile.interpolator:from_matrices:54 - Largest value in prof-y: 0.020307759665103186, smallest: 5.698375820087387e-84
2026-02-17 15:02:05.382 | INFO     | tszpaint.paint.paint:paint_y:51 - CPU threads: SLURM_CPUS_PER_TASK=8, OMP_NUM_THREADS=8, NUMBA_NUM_THREADS=8, MKL_NUM_THREADS=8, OPENBLAS_NUM_THREADS=8, NUMEXPR_NUM_THREADS=8
2026-02-17 15:02:05.407 | INFO     | tszpaint.paint.paint:paint_y:63 - Numba threads in use: 8
2026-02-17 15:02:05.407 | INFO     | tszpaint.paint.paint:paint_y:66 - Starting vectorized paint: 246471 halos, nside=2048
2026-02-17 15:02:05.407 | INFO     | tszpaint.paint.paint:paint_y:67 -   particle_counts: 201.3MB, dtype=uint32
2026-02-17 15:02:08.685 | DEBUG    | tszpaint.logging:timer:60 - Preparing cKDTree input took 3.277905s
2026-02-17 15:02:24.737 | DEBUG    | tszpaint.logging:timer:60 - Calling CKDTree constructor took 16.052023s
2026-02-17 15:02:24.739 | DEBUG    | tszpaint.logging:time_calls:32 - build_tree took 19.331948s
2026-02-17 15:02:24.739 | INFO     | tszpaint.logging:array_size:99 - [ARRAY] build_tree[1]: 1208.0MB (dtype=float64, shape=(50331648, 3))
2026-02-17 15:02:24.739 | INFO     | tszpaint.logging:array_size:99 - [ARRAY] build_tree[2]: 402.7MB (dtype=int64, shape=(50331648,))
2026-02-17 15:02:24.740 | INFO     | tszpaint.logging:memory_usage:78 - [MEMORY] build_tree: 857.7MB → 3492.8MB (Δ+2635.1MB)
2026-02-17 15:05:08.839 | DEBUG    | tszpaint.logging:time_calls:32 - query_tree took 164.096473s
2026-02-17 15:05:08.840 | INFO     | tszpaint.logging:array_size:99 - [ARRAY] query_tree[0]: 7919.1MB (dtype=int64, shape=(989884693,))
2026-02-17 15:05:08.840 | INFO     | tszpaint.logging:array_size:99 - [ARRAY] query_tree[1]: 7919.1MB (dtype=float64, shape=(989884693,))
2026-02-17 15:05:08.840 | INFO     | tszpaint.logging:array_size:99 - [ARRAY] query_tree[2]: 2.0MB (dtype=int64, shape=(246471,))
2026-02-17 15:05:08.840 | INFO     | tszpaint.logging:array_size:99 - [ARRAY] query_tree[3]: 2.0MB (dtype=int64, shape=(246471,))
2026-02-17 15:05:08.840 | INFO     | tszpaint.logging:array_size:99 - [ARRAY] query_tree[4]: 7919.1MB (dtype=int64, shape=(989884693,))
2026-02-17 15:05:08.840 | INFO     | tszpaint.logging:memory_usage:78 - [MEMORY] query_tree: 3492.8MB → 45880.3MB (Δ+42387.5MB)
2026-02-17 15:05:08.849 | INFO     | tszpaint.paint.paint:paint_y:86 - theta_200 stats: min=9.735e-03, median=1.796e-02, max=2.087e-02
2026-02-17 15:05:08.849 | INFO     | tszpaint.paint.paint:paint_y:87 - pixel-halo pairs: 989,884,693
2026-02-17 15:05:08.850 | INFO     | tszpaint.paint.paint:paint_y:88 - distances bytes: 7.92 GB
2026-02-17 15:05:08.850 | INFO     | tszpaint.paint.paint:paint_y:89 - weights expected bytes (float64): 7.92 GB
2026-02-17 15:18:14.577 | DEBUG    | tszpaint.logging:time_calls:32 - weights_mechanism took 778.156476s
2026-02-17 15:18:14.578 | INFO     | tszpaint.logging:array_size:94 - [ARRAY] weights_mechanism: 7919.1MB (dtype=float64, shape=(989884693,))
2026-02-17 15:18:14.578 | INFO     | tszpaint.logging:memory_usage:78 - [MEMORY] weights_mechanism: 53799.7MB → 61718.6MB (Δ+7918.9MB)
2026-02-17 15:18:14.592 | DEBUG    | tszpaint.logging:time_calls:32 - compute_weights took 785.741997s
2026-02-17 15:18:14.592 | INFO     | tszpaint.logging:array_size:94 - [ARRAY] compute_weights: 7919.1MB (dtype=float64, shape=(989884693,))
2026-02-17 15:18:14.592 | INFO     | tszpaint.logging:memory_usage:78 - [MEMORY] compute_weights: 45880.3MB → 53799.7MB (Δ+7919.4MB)
2026-02-17 15:22:28.710 | DEBUG    | tszpaint.logging:time_calls:32 - BattagliaLogInterpolator.eval_for_logs took 246.951039s
2026-02-17 15:22:50.708 | DEBUG    | tszpaint.logging:time_calls:32 - paint_y took 1245.326882s
2026-02-17 15:22:50.709 | INFO     | tszpaint.logging:array_size:99 - [ARRAY] paint_y[0]: 201.3MB (dtype=float32, shape=(50331648,))
2026-02-17 15:22:50.709 | INFO     | tszpaint.logging:array_size:99 - [ARRAY] paint_y[1]: 2.0MB (dtype=float64, shape=(246471,))
2026-02-17 15:22:50.709 | INFO     | tszpaint.logging:memory_usage:78 - [MEMORY] paint_y: 735.2MB → 19564.3MB (Δ+18829.1MB)
2026-02-17 15:22:50.709 | INFO     | tszpaint.paint.paint:display_map_statistics:149 - 
Map statistics:
2026-02-17 15:22:50.722 | INFO     | tszpaint.paint.paint:display_map_statistics:150 -   Min: 0.000e+00
2026-02-17 15:22:50.736 | INFO     | tszpaint.paint.paint:display_map_statistics:151 -   Max: 6.559e-03
2026-02-17 15:22:50.754 | INFO     | tszpaint.paint.paint:display_map_statistics:152 -   Mean: 1.001e-07
2026-02-17 15:22:50.793 | INFO     | tszpaint.paint.paint:display_map_statistics:153 -   Non-zero pixels: 50266604/50331648
setting the output map dtype to [dtype('float32')]
2026-02-17 15:22:53.057 | INFO     | tszpaint.paint.paint:paint_and_visualize:192 - Saved to y_map_abacus.fits
/home/ab2927/rds/tSZPaint.py/tszpaint/paint/visualize.py:56: UserWarning: This figure includes Axes that are not compatible with tight_layout, so results might be incorrect.
  plt.tight_layout()
2026-02-17 15:23:02.623 | INFO     | tszpaint.paint.visualize:finalize_plot:60 - Saved: y_map_abacus.fits_y_ra_dec_zoom_.png
2026-02-17 15:23:02.624 | DEBUG    | tszpaint.logging:time_calls:32 - Visualizer.plot_ra_dec took 9.566478s
2026-02-17 15:23:03.751 | INFO     | tszpaint.paint.visualize:finalize_plot:60 - Saved: y_map_abacus.fits_y_vs_m.png
2026-02-17 15:23:03.751 | DEBUG    | tszpaint.logging:time_calls:32 - Visualizer.plot_Y_vs_M took 1.127483s
2026-02-17 15:23:04.286 | INFO     | tszpaint.paint.visualize:finalize_plot:60 - Saved: y_map_abacus.fits_y_map.png
2026-02-17 15:23:04.286 | DEBUG    | tszpaint.logging:time_calls:32 - Visualizer.visualize_y_map took 0.534808s
	Command being timed: "/home/ab2927/.local/bin/uv run -m tszpaint.paint.main"
	User time (seconds): 1415.73
	System time (seconds): 488.66
	Percent of CPU this job got: 146%
	Elapsed (wall clock) time (h:mm:ss or m:ss): 21:35.52
	Average shared text size (kbytes): 0
	Average unshared data size (kbytes): 0
	Average stack size (kbytes): 0
	Average total size (kbytes): 0
	Maximum resident set size (kbytes): 146365176
	Average resident set size (kbytes): 0
	Major (requiring I/O) page faults: 4063
	Minor (reclaiming a frame) page faults: 274248099
	Voluntary context switches: 33788
	Involuntary context switches: 4453
	Swaps: 0
	File system inputs: 3391560
	File system outputs: 399808
	Socket messages sent: 0
	Socket messages received: 0
	Signals delivered: 0
	Page size (bytes): 4096
	Exit status: 0
