Loading rhel8/default-ccl
  Loading requirement: ucx/1.15.0 rhel8/global rhel8/slurm
    rhel8/cclake-env/2024-06-01 rhel8/cclake/base glibc/2.28/gcc/4d2cj5pu
    gcc-runtime/13.3.0/gcc/2sn7kkm3 zlib-ng/2.1.6/gcc/mkjcey6m
    zstd/1.5.6/gcc/l5c7mfsx binutils/2.42/gcc/y33xj6rq
    intel-oneapi-compilers/2023.2.4/gcc/4lbvg4hv
    intel-oneapi-mpi/2021.12.1/intel/hlruk24n rhel8/cclake/intel
2026-02-17 16:28:31.662 | INFO     | __main__:main:39 - Painting Abacus tSZ map...
2026-02-17 16:28:31.662 | INFO     | __main__:main:40 - Halo directory: /home/ab2927/rds/hpc-work/backlight_cp999/lightcone_halos/z0.542/lightcone_halo_info_000.asdf
2026-02-17 16:28:31.662 | INFO     | __main__:main:41 - Healcounts file 1: /home/ab2927/rds/hpc-work/backlight_cp999/lightcone_healpix/halo/heal-counts/LightCone0_halo_heal-counts_Step0671-0676.asdf
2026-02-17 16:28:31.662 | INFO     | __main__:main:44 - Output file: y_map_abacus.fits
2026-02-17 16:28:54.256 | DEBUG    | tszpaint.y_profile.interpolator:from_matrices:45 - Log thetas array contains 512 elements, smallest: -25.4, largest: 11.5
2026-02-17 16:28:54.256 | DEBUG    | tszpaint.y_profile.interpolator:from_matrices:48 - Redshifts array contains 256 elements, smallest: 0.001, largest: 5.0
2026-02-17 16:28:54.256 | DEBUG    | tszpaint.y_profile.interpolator:from_matrices:51 - Log masses array contains 256 elements, smallest: 11.0, largest: 15.7
2026-02-17 16:28:54.288 | DEBUG    | tszpaint.y_profile.interpolator:from_matrices:54 - Largest value in prof-y: 0.020307759665103186, smallest: 5.698375820087387e-84
2026-02-17 16:28:54.415 | TRACE    | tszpaint.logging:trace_calls:44 - → paint_y(PainterConfig(nside=4096, search_radius=1, n_bins=20), array([0.49095547, 0.49194622, ..., 2.5940595 , 2.5942936 ],
      shape=(246471,), dtype=float32), array([3.8537688, 5.573064 , ..., 3.9499903, 5.4742365],
      shape=(246471,), dtype=float32), array([1.65616837e+13, 1.65616837e+13, ..., 1.39692806e+13,
       1.39692806e+13], shape=(246471,)), array([0, 0, ..., 0, 0], shape=(201326592,), dtype=uint32), BattagliaLogInterpolator(interpolator=<jax._src.third_party.scipy.interpolate.RegularGridInterpolator object at 0x14df2b9c0980>, use_jax=True), array([38.00856215, 38.00856215, ..., 37.6852672 , 37.6852672 ],
      shape=(246471,)), 0.541613797989815, 4096, True){}
2026-02-17 16:28:54.415 | INFO     | tszpaint.paint.paint:paint_y:51 - CPU threads: SLURM_CPUS_PER_TASK=8, OMP_NUM_THREADS=8, NUMBA_NUM_THREADS=8, MKL_NUM_THREADS=8, OPENBLAS_NUM_THREADS=8, NUMEXPR_NUM_THREADS=8
2026-02-17 16:28:54.434 | INFO     | tszpaint.paint.paint:paint_y:63 - Numba threads in use: 8
2026-02-17 16:28:54.434 | INFO     | tszpaint.paint.paint:paint_y:66 - Starting vectorized paint: 246471 halos, nside=4096
2026-02-17 16:28:54.434 | INFO     | tszpaint.paint.paint:paint_y:67 -   particle_counts: 805.3MB, dtype=uint32
2026-02-17 16:28:54.439 | TRACE    | tszpaint.logging:trace_calls:44 - → find_pixels_in_halos(4096, array([[-0.35687426, -0.3080966 ,  0.8818828 ],
       [ 0.35816896, -0.3079321 ,  0.88141525],
       ...,
       [-0.35954466, -0.37647572, -0.85381126],
       [ 0.35919905, -0.37652916, -0.85393316]],
      shape=(246471, 3), dtype=float32), array([0.01822971, 0.01822971, ..., 0.01807468, 0.01807468],
      shape=(246471,))){}
2026-02-17 16:30:58.355 | DEBUG    | tszpaint.logging:timer:60 - Parallel queries (76 workers) took 123.915976s
2026-02-17 16:31:23.233 | DEBUG    | tszpaint.logging:timer:60 - Flattening parallel results took 24.878451s
2026-02-17 16:31:24.751 | TRACE    | tszpaint.logging:trace_calls:46 - ← find_pixels_in_halos
2026-02-17 16:31:24.751 | DEBUG    | tszpaint.logging:time_calls:32 - find_pixels_in_halos took 150.312570s
2026-02-17 16:31:24.751 | INFO     | tszpaint.logging:array_size:99 - [ARRAY] find_pixels_in_halos[0]: 31676.4MB (dtype=int64, shape=(3959544320,))
2026-02-17 16:31:24.751 | INFO     | tszpaint.logging:array_size:99 - [ARRAY] find_pixels_in_halos[1]: 31676.4MB (dtype=float64, shape=(3959544320,))
2026-02-17 16:31:24.751 | INFO     | tszpaint.logging:array_size:99 - [ARRAY] find_pixels_in_halos[2]: 2.0MB (dtype=int64, shape=(246471,))
2026-02-17 16:31:24.751 | INFO     | tszpaint.logging:array_size:99 - [ARRAY] find_pixels_in_halos[3]: 2.0MB (dtype=int64, shape=(246471,))
2026-02-17 16:31:24.751 | INFO     | tszpaint.logging:array_size:99 - [ARRAY] find_pixels_in_halos[4]: 31676.4MB (dtype=int64, shape=(3959544320,))
2026-02-17 16:31:24.751 | INFO     | tszpaint.logging:memory_usage:78 - [MEMORY] find_pixels_in_halos: 1461.0MB → 118918.1MB (Δ+117457.0MB)
2026-02-17 16:31:24.758 | INFO     | tszpaint.paint.paint:paint_y:86 - theta_200 stats: min=9.735e-03, median=1.796e-02, max=2.087e-02
2026-02-17 16:31:24.759 | INFO     | tszpaint.paint.paint:paint_y:87 - pixel-halo pairs: 3,959,544,320
2026-02-17 16:31:24.759 | INFO     | tszpaint.paint.paint:paint_y:88 - distances bytes: 31.68 GB
2026-02-17 16:31:24.759 | INFO     | tszpaint.paint.paint:paint_y:89 - weights expected bytes (float64): 31.68 GB
2026-02-17 16:31:24.759 | TRACE    | tszpaint.logging:trace_calls:44 - → compute_weights(PainterConfig(nside=4096, search_radius=1, n_bins=20),){'pixel_indices': array([ 47082991,  47082999, ..., 187930764, 187930768],
      shape=(3959544320,)), 'distances': array([0.01814065, 0.01819067, ..., 0.01799082, 0.01790203],
      shape=(3959544320,)), 'halo_starts': array([         0,      16717, ..., 3959511448, 3959527873],
      shape=(246471,)), 'halo_counts': array([16717, 16727, ..., 16425, 16447], shape=(246471,)), 'theta_200': array([0.01822971, 0.01822971, ..., 0.01807468, 0.01807468],
      shape=(246471,)), 'particle_counts': array([0, 0, ..., 0, 0], shape=(201326592,), dtype=uint32)}
2026-02-17 16:31:46.890 | TRACE    | tszpaint.logging:trace_calls:44 - → weights_mechanism(1, 20, array([0.01814065, 0.01819067, ..., 0.01799082, 0.01790203],
      shape=(3959544320,)), array([         0,      16717, ..., 3959511448, 3959527873],
      shape=(246471,)), array([16717, 16727, ..., 16425, 16447], shape=(246471,)), array([0.01822971, 0.01822971, ..., 0.01807468, 0.01807468],
      shape=(246471,)), array([2.15443469e-17, 2.15443469e-17, ..., 2.15443469e-17,
       2.15443469e-17], shape=(3959544320,))){}
2026-02-17 16:32:06.299 | TRACE    | tszpaint.logging:trace_calls:46 - ← weights_mechanism
2026-02-17 16:32:06.299 | DEBUG    | tszpaint.logging:time_calls:32 - weights_mechanism took 19.409493s
2026-02-17 16:32:06.299 | INFO     | tszpaint.logging:array_size:94 - [ARRAY] weights_mechanism: 31676.4MB (dtype=float64, shape=(3959544320,))
2026-02-17 16:32:06.299 | INFO     | tszpaint.logging:memory_usage:78 - [MEMORY] weights_mechanism: 150628.3MB → 182305.7MB (Δ+31677.4MB)
2026-02-17 16:32:06.300 | TRACE    | tszpaint.logging:trace_calls:46 - ← compute_weights
2026-02-17 16:32:06.300 | DEBUG    | tszpaint.logging:time_calls:32 - compute_weights took 41.540799s
2026-02-17 16:32:06.300 | INFO     | tszpaint.logging:array_size:94 - [ARRAY] compute_weights: 31676.4MB (dtype=float64, shape=(3959544320,))
2026-02-17 16:32:06.300 | INFO     | tszpaint.logging:memory_usage:78 - [MEMORY] compute_weights: 118918.1MB → 182305.7MB (Δ+63387.6MB)
Command exited with non-zero status 137
	Command being timed: "/home/ab2927/.local/bin/uv run -m tszpaint.paint.main"
	User time (seconds): 742.56
	System time (seconds): 99.42
	Percent of CPU this job got: 280%
	Elapsed (wall clock) time (h:mm:ss or m:ss): 5:00.35
	Average shared text size (kbytes): 0
	Average unshared data size (kbytes): 0
	Average stack size (kbytes): 0
	Average total size (kbytes): 0
	Maximum resident set size (kbytes): 209250500
	Average resident set size (kbytes): 0
	Major (requiring I/O) page faults: 15210
	Minor (reclaiming a frame) page faults: 32330516
	Voluntary context switches: 8165268
	Involuntary context switches: 877
	Swaps: 0
	File system inputs: 6317448
	File system outputs: 0
	Socket messages sent: 0
	Socket messages received: 0
	Signals delivered: 0
	Page size (bytes): 4096
	Exit status: 137
slurmstepd: error: Detected 1 oom_kill event in StepId=22929384.0. Some of the step tasks have been OOM Killed.
srun: error: cpu-q-503: task 0: Out Of Memory
